<?xml version="1.0" encoding="UTF-8"?>
<!-- Generated by org.testng.reporters.JUnitReportReporter -->
<testsuite hostname="Pavithran" failures="0" tests="2" name="org.openqaa.JunitFrame" time="13.022" errors="0" timestamp="12 Nov 2019 10:37:20 GMT" skipped="0">
  <testcase classname="org.openqaa.JunitFrame" name="test2" time="12.401"/>
  <testcase classname="org.openqaa.JunitFrame" name="test1" time="0.621"/>
</testsuite> <!-- org.openqaa.JunitFrame -->
